2026-02-17 18:10:35,550 | WARNING | Parser error: 'lab'
2026-02-17 19:01:25,474 | WARNING | Parser error: 'action'
2026-02-17 19:07:07,978 | WARNING | Parser error: 'action'
2026-02-17 19:07:52,254 | WARNING | Parser error: 'action'
2026-02-17 19:08:19,317 | WARNING | Parser error: 'action'
2026-02-17 19:09:26,726 | WARNING | Parser error: 'action'
2026-02-17 19:09:44,582 | WARNING | Parser error: 'action'
2026-02-17 19:10:09,567 | WARNING | Parser error: 'action'
2026-02-17 19:11:06,657 | WARNING | Parser error: 'action'
2026-02-17 19:12:26,924 | WARNING | Parser error: 'action'
2026-02-17 19:16:20,888 | WARNING | Parser error: 'action'
2026-02-17 19:22:29,545 | WARNING | Parser error: 'action'
2026-02-17 19:23:52,230 | WARNING | Parser error: 'action'
2026-02-19 04:56:16,178 | WARNING | Parser error: Expecting value: line 1 column 1 (char 0)
2026-02-19 15:20:46,279 | WARNING | Parser error: Event.__init__() missing 1 required positional argument: 'user'
2026-02-20 19:44:21,496 | WARNING | Parser error: 'lab'
2026-02-20 19:44:21,497 | WARNING | Parser error: 'lab'
2026-02-20 19:44:21,497 | WARNING | Parser error: 'lab'
2026-02-21 02:39:13,694 | WARNING | Parser error: Extra data: line 1 column 9 (char 8)
2026-02-21 02:39:13,694 | WARNING | Parser error: 'lab'
2026-02-21 02:39:13,694 | WARNING | Parser error: 'lab'
2026-02-21 02:39:13,694 | WARNING | Parser error: 'lab'
2026-02-21 02:39:13,694 | WARNING | Parser error: 'lab'
2026-02-21 02:39:13,694 | WARNING | Parser error: 'lab'
2026-02-21 02:39:13,694 | WARNING | Parser error: 'lab'
2026-02-21 02:39:13,694 | WARNING | Parser error: 'lab'
2026-02-21 02:39:13,694 | WARNING | Parser error: 'lab'
2026-02-21 02:39:13,694 | WARNING | Parser error: 'lab'
2026-02-21 02:39:13,694 | WARNING | Parser error: 'lab'
2026-02-21 02:39:13,694 | WARNING | Parser error: 'lab'
2026-02-21 02:39:13,694 | WARNING | Parser error: 'lab'
2026-02-21 02:39:15,717 | WARNING | Parser error: 'lab'
2026-02-21 02:39:15,717 | WARNING | Parser error: 'lab'
2026-02-21 02:39:15,717 | WARNING | Parser error: 'lab'
2026-02-21 02:39:20,747 | WARNING | Parser error: 'lab'
2026-02-21 02:39:20,748 | WARNING | Parser error: 'lab'
2026-02-21 02:39:20,748 | WARNING | Parser error: 'lab'
